[ 2025-02-14 18:45:39,441 ] 67 root - INFO - Performed train-test split on the dataframe
[ 2025-02-14 18:45:39,441 ] 68 root - INFO - Exited split_data_as_train_test method of Data_Ingestion class
[ 2025-02-14 18:45:39,443 ] 73 root - INFO - Exporting train and test file paths.
[ 2025-02-14 18:45:39,502 ] 77 root - INFO - Exported train and test file paths.
[ 2025-02-14 18:45:39,622 ] 27 root - INFO - Initiate the data Validation
[ 2025-02-14 18:45:39,681 ] 33 root - INFO - Required number of columns:2
[ 2025-02-14 18:45:39,681 ] 34 root - INFO - Data frame has columns:31
[ 2025-02-14 18:45:39,681 ] 33 root - INFO - Required number of columns:2
[ 2025-02-14 18:45:39,681 ] 34 root - INFO - Data frame has columns:31
[ 2025-02-14 18:45:39,885 ] 29 root - INFO - data Validation Completed
[ 2025-02-14 18:45:39,885 ] 32 root - INFO - data Transformation started
[ 2025-02-14 18:45:39,885 ] 60 root - INFO - Entered initiate_data_transformation method of DataTransformation class
[ 2025-02-14 18:45:39,885 ] 62 root - INFO - Starting data transformation
[ 2025-02-14 18:45:39,907 ] 45 root - INFO - Entered get_data_trnasformer_object method of Trnasformation class
[ 2025-02-14 18:45:39,908 ] 50 root - INFO - Initialise KNNImputer with {'missing_values': nan, 'n_neighbors': 3, 'weights': 'uniform'}
[ 2025-02-14 18:45:39,923 ] 44 root - INFO - entered the save_oject method of main_untils class
[ 2025-02-14 18:45:39,926 ] 49 root - INFO - exited the save objects methods from mainutils class
[ 2025-02-14 18:45:39,926 ] 44 root - INFO - entered the save_oject method of main_untils class
[ 2025-02-14 18:45:39,928 ] 49 root - INFO - exited the save objects methods from mainutils class
[ 2025-02-14 18:45:39,928 ] 36 root - INFO - data Transformation completed
[ 2025-02-14 18:45:39,928 ] 38 root - INFO - Model Training sstared
[ 2025-02-14 18:49:45,851 ] 44 root - INFO - entered the save_oject method of main_untils class
[ 2025-02-14 18:49:45,853 ] 49 root - INFO - exited the save objects methods from mainutils class
[ 2025-02-14 18:49:45,853 ] 150 root - INFO - Model trainer artifact: ModelTrainerArtifact(trained_model_file_path='Artifacts\\02_14_2025_18_45_32\\model_trainer\\trained_model\\model.pkl', train_metric_artifact=ClassificationMetricArtifact(f1_score=0.991161231331911, precision_score=0.9890510948905109, recall_score=0.9932803909590715), test_metric_artifact=ClassificationMetricArtifact(f1_score=0.9768740031897927, precision_score=0.9706814580031695, recall_score=0.9831460674157303))
[ 2025-02-14 18:49:45,856 ] 43 root - INFO - Model Training artifact created
