[ 2025-02-14 22:01:10,226 ] 1025 httpx - INFO - HTTP Request: POST https://dagshub.com/login/oauth/middleman "HTTP/1.1 200 OK"
[ 2025-02-14 22:01:10,584 ] 1025 httpx - INFO - HTTP Request: POST https://dagshub.com/login/oauth/access_token "HTTP/1.1 200 OK"
[ 2025-02-14 22:01:10,915 ] 1025 httpx - INFO - HTTP Request: GET https://dagshub.com/api/v1/user "HTTP/1.1 200 OK"
[ 2025-02-14 22:01:10,920 ] 107 dagshub - INFO - Accessing as sangamgowdahm
[ 2025-02-14 22:01:11,291 ] 1025 httpx - INFO - HTTP Request: GET https://dagshub.com/api/v1/repos/sangamgowdahm/network_security "HTTP/1.1 200 OK"
[ 2025-02-14 22:01:11,634 ] 1025 httpx - INFO - HTTP Request: GET https://dagshub.com/api/v1/user "HTTP/1.1 200 OK"
[ 2025-02-14 22:01:11,638 ] 107 dagshub - INFO - Initialized MLflow to track repo "sangamgowdahm/network_security"
[ 2025-02-14 22:01:11,638 ] 107 dagshub - INFO - Repository sangamgowdahm/network_security initialized!
[ 2025-02-14 22:01:14,312 ] 67 root - INFO - Performed train-test split on the dataframe
[ 2025-02-14 22:01:14,312 ] 68 root - INFO - Exited split_data_as_train_test method of Data_Ingestion class
[ 2025-02-14 22:01:14,312 ] 73 root - INFO - Exporting train and test file paths.
[ 2025-02-14 22:01:14,375 ] 77 root - INFO - Exported train and test file paths.
[ 2025-02-14 22:01:14,402 ] 27 root - INFO - Initiate the data Validation
[ 2025-02-14 22:01:14,465 ] 33 root - INFO - Required number of columns:2
[ 2025-02-14 22:01:14,466 ] 34 root - INFO - Data frame has columns:31
[ 2025-02-14 22:01:14,466 ] 33 root - INFO - Required number of columns:2
[ 2025-02-14 22:01:14,466 ] 34 root - INFO - Data frame has columns:31
[ 2025-02-14 22:01:14,638 ] 29 root - INFO - data Validation Completed
[ 2025-02-14 22:01:14,638 ] 32 root - INFO - data Transformation started
[ 2025-02-14 22:01:14,638 ] 60 root - INFO - Entered initiate_data_transformation method of DataTransformation class
[ 2025-02-14 22:01:14,638 ] 62 root - INFO - Starting data transformation
[ 2025-02-14 22:01:14,668 ] 45 root - INFO - Entered get_data_trnasformer_object method of Trnasformation class
[ 2025-02-14 22:01:14,668 ] 50 root - INFO - Initialise KNNImputer with {'missing_values': nan, 'n_neighbors': 3, 'weights': 'uniform'}
[ 2025-02-14 22:01:14,686 ] 44 root - INFO - entered the save_oject method of main_untils class
[ 2025-02-14 22:01:14,691 ] 49 root - INFO - exited the save objects methods from mainutils class
[ 2025-02-14 22:01:14,691 ] 44 root - INFO - entered the save_oject method of main_untils class
[ 2025-02-14 22:01:14,694 ] 49 root - INFO - exited the save objects methods from mainutils class
[ 2025-02-14 22:01:14,696 ] 36 root - INFO - data Transformation completed
[ 2025-02-14 22:01:14,696 ] 38 root - INFO - Model Training sstared
[ 2025-02-14 22:06:03,765 ] 44 root - INFO - entered the save_oject method of main_untils class
[ 2025-02-14 22:06:03,766 ] 49 root - INFO - exited the save objects methods from mainutils class
[ 2025-02-14 22:06:03,766 ] 152 root - INFO - Model trainer artifact: ModelTrainerArtifact(trained_model_file_path='Artifacts\\02_14_2025_22_00_36\\model_trainer\\trained_model\\model.pkl', train_metric_artifact=ClassificationMetricArtifact(f1_score=0.9911648217731289, precision_score=0.9886547811993517, recall_score=0.993687639991855), test_metric_artifact=ClassificationMetricArtifact(f1_score=0.9744816586921851, precision_score=0.9683042789223455, recall_score=0.9807383627608347))
[ 2025-02-14 22:06:03,771 ] 43 root - INFO - Model Training artifact created
