[ 2025-02-14 18:23:33,781 ] 67 root - INFO - Performed train-test split on the dataframe
[ 2025-02-14 18:23:33,781 ] 68 root - INFO - Exited split_data_as_train_test method of Data_Ingestion class
[ 2025-02-14 18:23:33,782 ] 73 root - INFO - Exporting train and test file paths.
[ 2025-02-14 18:23:33,838 ] 77 root - INFO - Exported train and test file paths.
[ 2025-02-14 18:23:33,846 ] 27 root - INFO - Initiate the data Validation
[ 2025-02-14 18:23:33,917 ] 33 root - INFO - Required number of columns:2
[ 2025-02-14 18:23:33,918 ] 34 root - INFO - Data frame has columns:31
[ 2025-02-14 18:23:33,918 ] 33 root - INFO - Required number of columns:2
[ 2025-02-14 18:23:33,918 ] 34 root - INFO - Data frame has columns:31
[ 2025-02-14 18:23:34,066 ] 29 root - INFO - data Validation Completed
[ 2025-02-14 18:23:34,066 ] 32 root - INFO - data Transformation started
[ 2025-02-14 18:23:34,066 ] 60 root - INFO - Entered initiate_data_transformation method of DataTransformation class
[ 2025-02-14 18:23:34,066 ] 62 root - INFO - Starting data transformation
[ 2025-02-14 18:23:34,087 ] 45 root - INFO - Entered get_data_trnasformer_object method of Trnasformation class
[ 2025-02-14 18:23:34,087 ] 50 root - INFO - Initialise KNNImputer with {'missing_values': nan, 'n_neighbors': 3, 'weights': 'uniform'}
[ 2025-02-14 18:23:34,099 ] 44 root - INFO - entered the save_oject method of main_untils class
[ 2025-02-14 18:23:34,102 ] 49 root - INFO - exited the save objects methods from mainutils class
[ 2025-02-14 18:23:34,102 ] 44 root - INFO - entered the save_oject method of main_untils class
[ 2025-02-14 18:23:34,107 ] 49 root - INFO - exited the save objects methods from mainutils class
[ 2025-02-14 18:23:34,108 ] 36 root - INFO - data Transformation completed
[ 2025-02-14 18:23:34,108 ] 38 root - INFO - Model Training sstared
