[ 2025-02-14 14:30:33,982 ] 67 root - INFO - Performed train-test split on the dataframe
[ 2025-02-14 14:30:33,983 ] 68 root - INFO - Exited split_data_as_train_test method of Data_Ingestion class
[ 2025-02-14 14:30:33,983 ] 73 root - INFO - Exporting train and test file paths.
[ 2025-02-14 14:30:34,046 ] 77 root - INFO - Exported train and test file paths.
[ 2025-02-14 14:30:34,057 ] 26 root - INFO - Initiate the data Validation
[ 2025-02-14 14:30:34,120 ] 33 root - INFO - Required number of columns:2
[ 2025-02-14 14:30:34,120 ] 34 root - INFO - Data frame has columns:31
[ 2025-02-14 14:30:34,121 ] 33 root - INFO - Required number of columns:2
[ 2025-02-14 14:30:34,121 ] 34 root - INFO - Data frame has columns:31
[ 2025-02-14 14:30:34,277 ] 28 root - INFO - data Validation Completed
[ 2025-02-14 14:30:34,277 ] 31 root - INFO - data Transformation started
[ 2025-02-14 14:30:34,277 ] 60 root - INFO - Entered initiate_data_transformation method of DataTransformation class
[ 2025-02-14 14:30:34,277 ] 62 root - INFO - Starting data transformation
[ 2025-02-14 14:30:34,297 ] 45 root - INFO - Entered get_data_trnasformer_object method of Trnasformation class
[ 2025-02-14 14:30:34,297 ] 50 root - INFO - Initialise KNNImputer with {'missing_values': nan, 'n_neighbors': 3, 'weights': 'uniform'}
[ 2025-02-14 14:30:34,310 ] 44 root - INFO - entered the save_oject method of main_untils class
[ 2025-02-14 14:30:34,314 ] 49 root - INFO - exited the save objects methods from mainutils class
[ 2025-02-14 14:30:34,314 ] 44 root - INFO - entered the save_oject method of main_untils class
[ 2025-02-14 14:30:34,316 ] 49 root - INFO - exited the save objects methods from mainutils class
[ 2025-02-14 14:30:34,317 ] 35 root - INFO - data Transformation completed
