[ 2025-02-14 18:28:37,132 ] 67 root - INFO - Performed train-test split on the dataframe
[ 2025-02-14 18:28:37,132 ] 68 root - INFO - Exited split_data_as_train_test method of Data_Ingestion class
[ 2025-02-14 18:28:37,133 ] 73 root - INFO - Exporting train and test file paths.
[ 2025-02-14 18:28:37,190 ] 77 root - INFO - Exported train and test file paths.
[ 2025-02-14 18:28:37,198 ] 27 root - INFO - Initiate the data Validation
[ 2025-02-14 18:28:37,256 ] 33 root - INFO - Required number of columns:2
[ 2025-02-14 18:28:37,256 ] 34 root - INFO - Data frame has columns:31
[ 2025-02-14 18:28:37,257 ] 33 root - INFO - Required number of columns:2
[ 2025-02-14 18:28:37,257 ] 34 root - INFO - Data frame has columns:31
[ 2025-02-14 18:28:37,406 ] 29 root - INFO - data Validation Completed
[ 2025-02-14 18:28:37,406 ] 32 root - INFO - data Transformation started
[ 2025-02-14 18:28:37,406 ] 60 root - INFO - Entered initiate_data_transformation method of DataTransformation class
[ 2025-02-14 18:28:37,406 ] 62 root - INFO - Starting data transformation
[ 2025-02-14 18:28:37,425 ] 45 root - INFO - Entered get_data_trnasformer_object method of Trnasformation class
[ 2025-02-14 18:28:37,425 ] 50 root - INFO - Initialise KNNImputer with {'missing_values': nan, 'n_neighbors': 3, 'weights': 'uniform'}
[ 2025-02-14 18:28:37,437 ] 44 root - INFO - entered the save_oject method of main_untils class
[ 2025-02-14 18:28:37,440 ] 49 root - INFO - exited the save objects methods from mainutils class
[ 2025-02-14 18:28:37,440 ] 44 root - INFO - entered the save_oject method of main_untils class
[ 2025-02-14 18:28:37,442 ] 49 root - INFO - exited the save objects methods from mainutils class
[ 2025-02-14 18:28:37,443 ] 36 root - INFO - data Transformation completed
[ 2025-02-14 18:28:37,443 ] 38 root - INFO - Model Training sstared
[ 2025-02-14 18:32:01,702 ] 44 root - INFO - entered the save_oject method of main_untils class
[ 2025-02-14 18:32:01,704 ] 49 root - INFO - exited the save objects methods from mainutils class
[ 2025-02-14 18:32:01,704 ] 152 root - INFO - Model trainer artifact: ModelTrainerArtifact(trained_model_file_path='Artifacts\\02_14_2025_18_28_32\\model_trainer\\trained_model\\model.pkl', train_metric_artifact=ClassificationMetricArtifact(f1_score=0.9910478128179043, precision_score=0.9902419190892457, recall_score=0.9918550193443291), test_metric_artifact=ClassificationMetricArtifact(f1_score=0.9724990035870865, precision_score=0.9659540775930324, recall_score=0.9791332263242376))
[ 2025-02-14 18:32:01,705 ] 43 root - INFO - Model Training artifact created
